{"total": {"lines":{"total":58,"covered":49,"skipped":0,"pct":84.48},"statements":{"total":66,"covered":54,"skipped":0,"pct":81.81},"functions":{"total":19,"covered":13,"skipped":0,"pct":68.42},"branches":{"total":8,"covered":2,"skipped":0,"pct":25},"branchesTrue":{"total":0,"covered":0,"skipped":0,"pct":"Unknown"}}
,"/home/runner/work/baneverywhere/baneverywhere/apps/online-checker/src/app/app.service.ts": {"lines":{"total":58,"covered":49,"skipped":0,"pct":84.48},"functions":{"total":19,"covered":13,"skipped":0,"pct":68.42},"statements":{"total":66,"covered":54,"skipped":0,"pct":81.81},"branches":{"total":8,"covered":2,"skipped":0,"pct":25}}
}
