{"total": {"lines":{"total":56,"covered":46,"skipped":0,"pct":82.14},"statements":{"total":66,"covered":53,"skipped":0,"pct":80.3},"functions":{"total":19,"covered":13,"skipped":0,"pct":68.42},"branches":{"total":8,"covered":2,"skipped":0,"pct":25},"branchesTrue":{"total":0,"covered":0,"skipped":0,"pct":"Unknown"}}
,"/home/runner/work/baneverywhere/baneverywhere/apps/online-checker/src/app/app.service.ts": {"lines":{"total":56,"covered":46,"skipped":0,"pct":82.14},"functions":{"total":19,"covered":13,"skipped":0,"pct":68.42},"statements":{"total":66,"covered":53,"skipped":0,"pct":80.3},"branches":{"total":8,"covered":2,"skipped":0,"pct":25}}
}
