TN:
SF:apps/online-checker/src/app/app.service.ts
FN:16,(anonymous_0)
FN:28,(anonymous_1)
FN:34,(anonymous_3)
FN:43,(anonymous_4)
FN:59,(anonymous_6)
FN:70,(anonymous_7)
FN:77,(anonymous_8)
FN:82,(anonymous_9)
FN:101,(anonymous_11)
FN:118,(anonymous_12)
FN:135,(anonymous_14)
FN:139,(anonymous_15)
FN:141,(anonymous_16)
FN:142,(anonymous_17)
FN:147,(anonymous_18)
FN:155,(anonymous_19)
FN:155,(anonymous_20)
FN:162,(anonymous_21)
FN:162,(anonymous_22)
FNF:19
FNH:13
FNDA:1,(anonymous_0)
FNDA:0,(anonymous_1)
FNDA:0,(anonymous_3)
FNDA:0,(anonymous_4)
FNDA:0,(anonymous_6)
FNDA:0,(anonymous_7)
FNDA:0,(anonymous_8)
FNDA:4,(anonymous_9)
FNDA:4,(anonymous_11)
FNDA:1,(anonymous_12)
FNDA:10,(anonymous_14)
FNDA:3,(anonymous_15)
FNDA:10,(anonymous_16)
FNDA:10,(anonymous_17)
FNDA:7,(anonymous_18)
FNDA:7,(anonymous_19)
FNDA:7,(anonymous_20)
FNDA:3,(anonymous_21)
FNDA:3,(anonymous_22)
DA:1,1
DA:2,1
DA:3,1
DA:4,1
DA:5,1
DA:6,1
DA:7,1
DA:8,1
DA:9,1
DA:10,1
DA:13,1
DA:17,1
DA:18,1
DA:19,1
DA:20,1
DA:22,1
DA:28,1
DA:29,0
DA:34,1
DA:35,0
DA:43,1
DA:44,0
DA:45,0
DA:56,0
DA:59,0
DA:67,0
DA:70,0
DA:77,1
DA:78,0
DA:82,1
DA:83,4
DA:100,4
DA:101,4
DA:103,4
DA:105,4
DA:114,4
DA:118,1
DA:119,1
DA:130,1
DA:131,1
DA:134,1
DA:135,10
DA:137,1
DA:139,3
DA:141,10
DA:142,10
DA:144,1
DA:147,7
DA:155,7
DA:156,7
DA:162,3
DA:163,3
DA:164,3
DA:165,3
DA:171,1
DA:172,0
LF:56
LH:46
BRDA:103,0,0,0
BRDA:126,1,0,0
BRDA:126,1,1,1
BRDA:127,2,0,0
BRDA:127,2,1,1
BRDA:130,3,0,0
BRDA:163,4,0,0
BRDA:171,5,0,0
BRF:8
BRH:2
end_of_record
