TN:
SF:apps/online-checker/src/app/app.service.ts
FN:16,(anonymous_0)
FN:28,(anonymous_1)
FN:34,(anonymous_3)
FN:43,(anonymous_4)
FN:58,(anonymous_6)
FN:69,(anonymous_7)
FN:76,(anonymous_8)
FN:81,(anonymous_9)
FN:100,(anonymous_11)
FN:117,(anonymous_12)
FN:133,(anonymous_14)
FN:136,(anonymous_15)
FN:138,(anonymous_16)
FN:139,(anonymous_17)
FN:144,(anonymous_18)
FN:152,(anonymous_19)
FN:152,(anonymous_20)
FN:159,(anonymous_21)
FN:159,(anonymous_22)
FNF:19
FNH:13
FNDA:1,(anonymous_0)
FNDA:0,(anonymous_1)
FNDA:0,(anonymous_3)
FNDA:0,(anonymous_4)
FNDA:0,(anonymous_6)
FNDA:0,(anonymous_7)
FNDA:0,(anonymous_8)
FNDA:6,(anonymous_9)
FNDA:6,(anonymous_11)
FNDA:1,(anonymous_12)
FNDA:10,(anonymous_14)
FNDA:5,(anonymous_15)
FNDA:10,(anonymous_16)
FNDA:10,(anonymous_17)
FNDA:5,(anonymous_18)
FNDA:5,(anonymous_19)
FNDA:5,(anonymous_20)
FNDA:5,(anonymous_21)
FNDA:5,(anonymous_22)
DA:1,1
DA:2,1
DA:3,1
DA:4,1
DA:5,1
DA:6,1
DA:7,1
DA:8,1
DA:9,1
DA:10,1
DA:13,1
DA:17,1
DA:18,1
DA:19,1
DA:20,1
DA:22,1
DA:28,1
DA:29,0
DA:34,1
DA:35,0
DA:43,1
DA:44,0
DA:55,0
DA:58,0
DA:66,0
DA:69,0
DA:76,1
DA:77,0
DA:81,1
DA:82,6
DA:99,6
DA:100,6
DA:102,6
DA:104,6
DA:113,6
DA:117,1
DA:118,1
DA:129,1
DA:132,1
DA:133,10
DA:136,5
DA:138,10
DA:139,10
DA:141,1
DA:144,5
DA:152,5
DA:153,5
DA:159,5
DA:160,5
DA:161,5
DA:162,5
DA:168,1
DA:169,0
LF:53
LH:44
BRDA:102,0,0,0
BRDA:125,1,0,0
BRDA:125,1,1,1
BRDA:126,2,0,0
BRDA:126,2,1,1
BRDA:129,3,0,0
BRDA:160,4,0,0
BRDA:168,5,0,0
BRF:8
BRH:2
end_of_record
TN:
SF:apps/queue-processor/src/app/queue-processor.ts
FN:14,(anonymous_0)
FN:21,(anonymous_1)
FN:44,(anonymous_3)
FN:54,(anonymous_4)
FN:54,(anonymous_5)
FN:55,(anonymous_6)
FN:91,(anonymous_7)
FN:97,(anonymous_9)
FN:103,(anonymous_11)
FN:129,(anonymous_13)
FN:142,(anonymous_14)
FN:149,(anonymous_15)
FNF:12
FNH:10
FNDA:1,(anonymous_0)
FNDA:1,(anonymous_1)
FNDA:3,(anonymous_3)
FNDA:3,(anonymous_4)
FNDA:3,(anonymous_5)
FNDA:6,(anonymous_6)
FNDA:2,(anonymous_7)
FNDA:0,(anonymous_9)
FNDA:1,(anonymous_11)
FNDA:5,(anonymous_13)
FNDA:5,(anonymous_14)
FNDA:0,(anonymous_15)
DA:1,1
DA:2,1
DA:3,1
DA:4,1
DA:7,1
DA:8,1
DA:9,1
DA:10,1
DA:13,1
DA:15,1
DA:16,1
DA:17,1
DA:21,1
DA:26,1
DA:30,1
DA:32,1
DA:41,1
DA:44,3
DA:53,1
DA:54,3
DA:55,6
DA:56,3
DA:60,3
DA:61,1
DA:67,3
DA:79,1
DA:80,0
DA:86,1
DA:91,1
DA:92,2
DA:97,1
DA:98,0
DA:103,1
DA:104,1
DA:105,1
DA:111,1
DA:122,1
DA:123,0
DA:129,1
DA:131,5
DA:134,5
DA:137,1
DA:138,1
DA:142,5
DA:149,0
DA:151,0
LF:46
LH:41
BRDA:26,0,0,1
BRDA:26,0,1,0
BRDA:37,1,0,0
BRDA:37,1,1,1
BRDA:38,2,0,0
BRDA:38,2,1,1
BRDA:57,3,0,3
BRDA:57,3,1,1
BRDA:58,4,0,0
BRDA:58,4,1,1
BRDA:58,5,0,1
BRDA:58,5,1,1
BRDA:60,6,0,1
BRDA:79,7,0,0
BRDA:118,8,0,0
BRDA:118,8,1,1
BRDA:119,9,0,0
BRDA:119,9,1,1
BRDA:122,10,0,0
BRDA:131,11,0,2
BRDA:131,11,1,3
BRDA:137,12,0,1
BRDA:137,12,1,0
BRF:23
BRH:14
end_of_record
TN:
SF:libs/db/src/lib/db.service.ts
FN:8,(anonymous_0)
FN:13,(anonymous_1)
FN:14,(anonymous_3)
FN:14,(anonymous_4)
FNF:4
FNH:1
FNDA:1,(anonymous_0)
FNDA:0,(anonymous_1)
FNDA:0,(anonymous_3)
FNDA:0,(anonymous_4)
DA:1,1
DA:2,1
DA:3,1
DA:6,1
DA:8,1
DA:9,1
DA:13,1
DA:14,0
DA:15,0
LF:9
LH:7
BRF:0
BRH:0
end_of_record
TN:
SF:libs/namespaces/src/lib/namespaces.ts
FNF:0
FNH:0
DA:1,1
LF:1
LH:1
BRF:0
BRH:0
end_of_record
TN:
SF:libs/twitch-client/src/lib/twitch-client-access-token.factory.ts
FN:6,twitchClientAccessTokenFactory
FNF:1
FNH:1
FNDA:1,twitchClientAccessTokenFactory
DA:2,1
DA:6,1
DA:7,1
DA:8,1
DA:15,1
DA:17,0
LF:6
LH:5
BRF:0
BRH:0
end_of_record
TN:
SF:libs/twitch-client/src/lib/twitch-client.service.ts
FN:13,(anonymous_0)
FN:20,(anonymous_1)
FN:37,(anonymous_3)
FNF:3
FNH:3
FNDA:3,(anonymous_0)
FNDA:1,(anonymous_1)
FNDA:1,(anonymous_3)
DA:1,1
DA:2,1
DA:3,1
DA:5,1
DA:9,1
DA:12,1
DA:14,3
DA:15,3
DA:16,3
DA:20,1
DA:21,1
DA:33,1
DA:37,1
DA:38,1
DA:42,1
LF:15
LH:15
BRF:0
BRH:0
end_of_record
TN:
SF:libs/twitch-client/src/lib/twitch-client.token.ts
FNF:0
FNH:0
DA:1,1
DA:2,1
LF:2
LH:2
BRF:0
BRH:0
end_of_record
