{"total": {"lines":{"total":25,"covered":21,"skipped":0,"pct":84},"statements":{"total":27,"covered":23,"skipped":0,"pct":85.18},"functions":{"total":5,"covered":4,"skipped":0,"pct":80},"branches":{"total":0,"covered":0,"skipped":0,"pct":100},"branchesTrue":{"total":0,"covered":0,"skipped":0,"pct":"Unknown"}}
,"/home/runner/work/baneverywhere/baneverywhere/libs/twitch-client/src/lib/twitch-client.service.ts": {"lines":{"total":23,"covered":19,"skipped":0,"pct":82.6},"functions":{"total":5,"covered":4,"skipped":0,"pct":80},"statements":{"total":25,"covered":21,"skipped":0,"pct":84},"branches":{"total":0,"covered":0,"skipped":0,"pct":100}}
,"/home/runner/work/baneverywhere/baneverywhere/libs/twitch-client/src/lib/twitch-client.token.ts": {"lines":{"total":2,"covered":2,"skipped":0,"pct":100},"functions":{"total":0,"covered":0,"skipped":0,"pct":100},"statements":{"total":2,"covered":2,"skipped":0,"pct":100},"branches":{"total":0,"covered":0,"skipped":0,"pct":100}}
}
