TN:
SF:libs/twitch-client/src/lib/twitch-client.service.ts
FN:12,(anonymous_0)
FN:17,(anonymous_1)
FN:27,(anonymous_3)
FN:45,(anonymous_5)
FN:65,(anonymous_7)
FNF:5
FNH:4
FNDA:4,(anonymous_0)
FNDA:1,(anonymous_1)
FNDA:1,(anonymous_3)
FNDA:0,(anonymous_5)
FNDA:1,(anonymous_7)
DA:1,1
DA:2,1
DA:3,1
DA:5,1
DA:8,1
DA:11,1
DA:13,4
DA:14,4
DA:18,1
DA:23,1
DA:27,1
DA:28,1
DA:29,1
DA:41,1
DA:45,1
DA:46,0
DA:47,0
DA:49,0
DA:61,0
DA:65,1
DA:66,1
DA:68,1
DA:72,1
LF:23
LH:19
BRF:0
BRH:0
end_of_record
TN:
SF:libs/twitch-client/src/lib/twitch-client.token.ts
FNF:0
FNH:0
DA:1,1
DA:2,1
LF:2
LH:2
BRF:0
BRH:0
end_of_record
