TN:
SF:libs/twitch-client/src/lib/twitch-client.service.ts
FN:12,(anonymous_0)
FN:17,(anonymous_1)
FN:27,(anonymous_3)
FN:45,(anonymous_5)
FNF:4
FNH:4
FNDA:4,(anonymous_0)
FNDA:1,(anonymous_1)
FNDA:1,(anonymous_3)
FNDA:1,(anonymous_5)
DA:1,1
DA:2,1
DA:3,1
DA:5,1
DA:8,1
DA:11,1
DA:13,4
DA:14,4
DA:18,1
DA:23,1
DA:27,1
DA:28,1
DA:29,1
DA:41,1
DA:45,1
DA:46,1
DA:48,1
DA:52,1
LF:18
LH:18
BRF:0
BRH:0
end_of_record
TN:
SF:libs/twitch-client/src/lib/twitch-client.token.ts
FNF:0
FNH:0
DA:1,1
DA:2,1
LF:2
LH:2
BRF:0
BRH:0
end_of_record
