TN:
SF:libs/error-handler/src/lib/error-handler.decorator.ts
FN:3,(anonymous_0)
FN:4,(anonymous_1)
FN:16,(anonymous_2)
FN:21,(anonymous_3)
FNF:4
FNH:4
FNDA:3,(anonymous_0)
FNDA:3,(anonymous_1)
FNDA:3,(anonymous_2)
FNDA:1,(anonymous_3)
DA:1,1
DA:3,1
DA:4,3
DA:9,3
DA:14,3
DA:16,3
DA:17,3
DA:18,3
DA:20,2
DA:21,1
DA:22,1
DA:23,1
DA:27,1
DA:29,1
DA:30,1
DA:31,1
LF:16
LH:16
BRDA:3,0,0,0
BRDA:3,1,0,0
BRDA:9,2,0,3
BRDA:9,2,1,0
BRDA:20,3,0,1
BRDA:20,4,0,2
BRDA:20,4,1,2
BRDA:30,5,0,1
BRF:8
BRH:5
end_of_record
