{"total": {"lines":{"total":46,"covered":41,"skipped":0,"pct":89.13},"statements":{"total":51,"covered":46,"skipped":0,"pct":90.19},"functions":{"total":12,"covered":10,"skipped":0,"pct":83.33},"branches":{"total":23,"covered":13,"skipped":0,"pct":56.52},"branchesTrue":{"total":0,"covered":0,"skipped":0,"pct":"Unknown"}}
,"/home/runner/work/baneverywhere/baneverywhere/apps/queue-processor/src/app/queue-processor.ts": {"lines":{"total":46,"covered":41,"skipped":0,"pct":89.13},"functions":{"total":12,"covered":10,"skipped":0,"pct":83.33},"statements":{"total":51,"covered":46,"skipped":0,"pct":90.19},"branches":{"total":23,"covered":13,"skipped":0,"pct":56.52}}
}
