{"total": {"lines":{"total":47,"covered":42,"skipped":0,"pct":89.36},"statements":{"total":53,"covered":48,"skipped":0,"pct":90.56},"functions":{"total":13,"covered":11,"skipped":0,"pct":84.61},"branches":{"total":23,"covered":14,"skipped":0,"pct":60.86},"branchesTrue":{"total":0,"covered":0,"skipped":0,"pct":"Unknown"}}
,"/home/runner/work/baneverywhere/baneverywhere/apps/queue-processor/src/app/queue-processor.ts": {"lines":{"total":47,"covered":42,"skipped":0,"pct":89.36},"functions":{"total":13,"covered":11,"skipped":0,"pct":84.61},"statements":{"total":53,"covered":48,"skipped":0,"pct":90.56},"branches":{"total":23,"covered":14,"skipped":0,"pct":60.86}}
}
