TN:
SF:apps/queue-processor/src/app/queue-processor.ts
FN:15,(anonymous_0)
FN:23,(anonymous_1)
FN:46,(anonymous_3)
FN:56,(anonymous_4)
FN:56,(anonymous_5)
FN:57,(anonymous_6)
FN:93,(anonymous_7)
FN:99,(anonymous_9)
FN:105,(anonymous_11)
FN:131,(anonymous_13)
FN:133,(anonymous_14)
FN:146,(anonymous_15)
FN:153,(anonymous_16)
FN:161,(anonymous_17)
FN:173,(anonymous_19)
FN:174,(anonymous_20)
FNF:16
FNH:11
FNDA:1,(anonymous_0)
FNDA:1,(anonymous_1)
FNDA:3,(anonymous_3)
FNDA:3,(anonymous_4)
FNDA:3,(anonymous_5)
FNDA:6,(anonymous_6)
FNDA:2,(anonymous_7)
FNDA:0,(anonymous_9)
FNDA:1,(anonymous_11)
FNDA:5,(anonymous_13)
FNDA:5,(anonymous_14)
FNDA:5,(anonymous_15)
FNDA:0,(anonymous_16)
FNDA:0,(anonymous_17)
FNDA:0,(anonymous_19)
FNDA:0,(anonymous_20)
DA:1,1
DA:2,1
DA:3,1
DA:4,1
DA:7,1
DA:8,1
DA:9,1
DA:10,1
DA:11,1
DA:14,1
DA:16,1
DA:17,1
DA:18,1
DA:19,1
DA:23,1
DA:28,1
DA:32,1
DA:34,1
DA:43,1
DA:46,3
DA:55,1
DA:56,3
DA:57,6
DA:58,3
DA:62,3
DA:63,1
DA:69,3
DA:81,1
DA:82,0
DA:88,1
DA:93,1
DA:94,2
DA:99,1
DA:100,0
DA:105,1
DA:106,1
DA:107,1
DA:113,1
DA:124,1
DA:125,0
DA:131,5
DA:133,1
DA:135,5
DA:138,5
DA:141,1
DA:142,1
DA:146,5
DA:153,0
DA:155,0
DA:161,1
DA:168,0
DA:169,0
DA:173,0
DA:174,0
DA:175,0
DA:176,0
LF:56
LH:45
BRDA:28,0,0,1
BRDA:28,0,1,0
BRDA:39,1,0,0
BRDA:39,1,1,1
BRDA:40,2,0,0
BRDA:40,2,1,1
BRDA:59,3,0,3
BRDA:59,3,1,1
BRDA:60,4,0,0
BRDA:60,4,1,1
BRDA:60,5,0,1
BRDA:60,5,1,1
BRDA:62,6,0,1
BRDA:81,7,0,0
BRDA:120,8,0,0
BRDA:120,8,1,1
BRDA:121,9,0,0
BRDA:121,9,1,1
BRDA:124,10,0,0
BRDA:135,11,0,3
BRDA:135,11,1,2
BRDA:141,12,0,1
BRDA:141,12,1,0
BRDA:175,13,0,0
BRDA:175,14,0,0
BRDA:175,14,1,0
BRF:26
BRH:14
end_of_record
