TN:
SF:apps/queue-processor/src/app/queue-processor.ts
FN:14,(anonymous_0)
FN:21,(anonymous_1)
FN:44,(anonymous_3)
FN:54,(anonymous_4)
FN:54,(anonymous_5)
FN:55,(anonymous_6)
FN:91,(anonymous_7)
FN:97,(anonymous_9)
FN:103,(anonymous_11)
FN:130,(anonymous_13)
FN:143,(anonymous_14)
FN:150,(anonymous_15)
FNF:12
FNH:10
FNDA:1,(anonymous_0)
FNDA:1,(anonymous_1)
FNDA:3,(anonymous_3)
FNDA:3,(anonymous_4)
FNDA:3,(anonymous_5)
FNDA:6,(anonymous_6)
FNDA:2,(anonymous_7)
FNDA:0,(anonymous_9)
FNDA:1,(anonymous_11)
FNDA:5,(anonymous_13)
FNDA:5,(anonymous_14)
FNDA:0,(anonymous_15)
DA:1,1
DA:2,1
DA:3,1
DA:4,1
DA:7,1
DA:8,1
DA:9,1
DA:10,1
DA:13,1
DA:15,1
DA:16,1
DA:17,1
DA:21,1
DA:26,1
DA:30,1
DA:32,1
DA:41,1
DA:44,3
DA:53,1
DA:54,3
DA:55,6
DA:56,3
DA:60,3
DA:61,1
DA:67,3
DA:79,1
DA:80,0
DA:86,1
DA:91,1
DA:92,2
DA:97,1
DA:98,0
DA:103,1
DA:104,1
DA:105,1
DA:111,1
DA:123,1
DA:124,0
DA:130,1
DA:132,5
DA:135,5
DA:138,1
DA:139,1
DA:143,5
DA:150,0
DA:152,0
LF:46
LH:41
BRDA:26,0,0,1
BRDA:26,0,1,0
BRDA:37,1,0,0
BRDA:37,1,1,1
BRDA:38,2,0,0
BRDA:38,2,1,1
BRDA:57,3,0,3
BRDA:57,3,1,1
BRDA:58,4,0,0
BRDA:58,4,1,1
BRDA:58,5,0,1
BRDA:58,5,1,1
BRDA:60,6,0,1
BRDA:79,7,0,0
BRDA:119,8,0,0
BRDA:119,8,1,1
BRDA:120,9,0,0
BRDA:120,9,1,1
BRDA:123,10,0,0
BRDA:132,11,0,0
BRDA:132,11,1,5
BRDA:138,12,0,1
BRDA:138,12,1,0
BRF:23
BRH:13
end_of_record
